New log file opened at Mon Aug 15 13:00:28 EEST 2016 by 7368@W7-Toni
Taking next connection to: 62856
New client attempting to connect on port: 62857-62856
  Address = /25.170.238.191:62856
This client on port 62857 has uuid 7ed30c17-abc6-4bb9-9a50-d2aa6fe4d8a0 configName activator humanReadableName Activator protocolVersion 3 featureTags Vector()
Connected Clients: activator-7ed30c17-abc6-4bb9-9a50-d2aa6fe4d8a0
Taking next connection to: 62856
New client attempting to connect on port: 62858-62856
  Address = /25.170.238.191:62856
Handshake exception on socket: 62858
sbt.impl.ipc.HandshakeException: Unable to perform handshake
	at sbt.impl.ipc.Peer.handshake(IPC.scala:46)
	at sbt.impl.ipc.MultiClientServer.<init>(IPC.scala:150)
	at sbt.server.SbtServerSocketHandler$$anon$1.run(SbtServerSocketHandler.scala:43)
Caused by: java.net.SocketException: Software caused connection abort: recv failed
	at java.net.SocketInputStream.socketRead0(Native Method)
	at java.net.SocketInputStream.socketRead(Unknown Source)
	at java.net.SocketInputStream.read(Unknown Source)
	at java.net.SocketInputStream.read(Unknown Source)
	at java.io.BufferedInputStream.fill(Unknown Source)
	at java.io.BufferedInputStream.read(Unknown Source)
	at java.io.DataInputStream.readInt(Unknown Source)
	at sbt.impl.ipc.Peer.receive(IPC.scala:95)
	at sbt.impl.ipc.Peer.handshake(IPC.scala:49)
	... 2 more
Taking next connection to: 62856
New client attempting to connect on port: 62859-62856
  Address = /25.170.238.191:62856
This client on port 62859 has uuid aef89afa-0839-4e1f-b3ae-47025c5f9f1d configName activator humanReadableName Activator protocolVersion 3 featureTags Vector()
Connected Clients: activator-7ed30c17-abc6-4bb9-9a50-d2aa6fe4d8a0, activator-aef89afa-0839-4e1f-b3ae-47025c5f9f1d
Taking next connection to: 62856
New client attempting to connect on port: 62860-62856
  Address = /25.170.238.191:62856
Handshake exception on socket: 62860
sbt.impl.ipc.HandshakeException: Unable to perform handshake
	at sbt.impl.ipc.Peer.handshake(IPC.scala:46)
	at sbt.impl.ipc.MultiClientServer.<init>(IPC.scala:150)
	at sbt.server.SbtServerSocketHandler$$anon$1.run(SbtServerSocketHandler.scala:43)
Caused by: java.net.SocketException: Software caused connection abort: recv failed
	at java.net.SocketInputStream.socketRead0(Native Method)
	at java.net.SocketInputStream.socketRead(Unknown Source)
	at java.net.SocketInputStream.read(Unknown Source)
	at java.net.SocketInputStream.read(Unknown Source)
	at java.io.BufferedInputStream.fill(Unknown Source)
	at java.io.BufferedInputStream.read(Unknown Source)
	at java.io.DataInputStream.readInt(Unknown Source)
	at sbt.impl.ipc.Peer.receive(IPC.scala:95)
	at sbt.impl.ipc.Peer.handshake(IPC.scala:49)
	... 2 more
Taking next connection to: 62856
New client attempting to connect on port: 62861-62856
  Address = /25.170.238.191:62856
This client on port 62861 has uuid 031794aa-5b48-40e9-b48f-7868208b2ff7 configName play-fork-run humanReadableName Play Fork Run protocolVersion 1 featureTags Vector()
Connected Clients: activator-aef89afa-0839-4e1f-b3ae-47025c5f9f1d, play-fork-run-031794aa-5b48-40e9-b48f-7868208b2ff7
Taking next connection to: 62856
